<?xml version="1.0" encoding="UTF-8"?>
<testng-results skipped="0" failed="0" ignored="0" total="1" passed="1">
  <reporter-output>
  </reporter-output>
  <suite name="Demo Test Suite" duration-ms="5641" started-at="2020-09-22T20:43:59 EEST" finished-at="2020-09-22T20:44:05 EEST">
    <groups>
    </groups>
    <test name="TC_01_Domain" duration-ms="5641" started-at="2020-09-22T20:43:59 EEST" finished-at="2020-09-22T20:44:05 EEST">
      <class name="com.demo.tests.TestCase_01_UserRegistration">
        <test-method status="PASS" signature="cleanReportData()[pri:0, instance:com.demo.tests.TestCase_01_UserRegistration@28b46423]" name="cleanReportData" is-config="true" duration-ms="48" started-at="2020-09-22T20:43:59 EEST" finished-at="2020-09-22T20:43:59 EEST">
          <reporter-output>
          </reporter-output>
        </test-method> <!-- cleanReportData -->
        <test-method status="PASS" signature="browserConfig(java.lang.String)[pri:0, instance:com.demo.tests.TestCase_01_UserRegistration@28b46423]" name="browserConfig" is-config="true" duration-ms="3554" started-at="2020-09-22T20:43:59 EEST" finished-at="2020-09-22T20:44:03 EEST">
          <params>
            <param index="0">
              <value>
                <![CDATA[chrome]]>
              </value>
            </param>
          </params>
          <reporter-output>
          </reporter-output>
        </test-method> <!-- browserConfig -->
        <test-method status="PASS" signature="setEnvironmentHostUserPass(java.lang.String)[pri:0, instance:com.demo.tests.TestCase_01_UserRegistration@28b46423]" name="setEnvironmentHostUserPass" is-config="true" duration-ms="27" started-at="2020-09-22T20:44:03 EEST" finished-at="2020-09-22T20:44:03 EEST">
          <params>
            <param index="0">
              <value>
                <![CDATA[fly]]>
              </value>
            </param>
          </params>
          <reporter-output>
          </reporter-output>
        </test-method> <!-- setEnvironmentHostUserPass -->
        <test-method status="PASS" signature="api_bootstrap(java.lang.reflect.Method)[pri:0, instance:com.demo.tests.TestCase_01_UserRegistration@28b46423]" name="api_bootstrap" duration-ms="1211" started-at="2020-09-22T20:44:03 EEST" description="API" finished-at="2020-09-22T20:44:04 EEST">
          <params>
            <param index="0">
              <value>
                <![CDATA[public void com.demo.tests.TestCase_01_UserRegistration.api_bootstrap(java.lang.reflect.Method) throws java.lang.Exception]]>
              </value>
            </param>
          </params>
          <reporter-output>
          </reporter-output>
        </test-method> <!-- api_bootstrap -->
        <test-method status="PASS" signature="generateReport(org.testng.ITestContext, org.testng.ITestResult)[pri:0, instance:com.demo.tests.TestCase_01_UserRegistration@28b46423]" name="generateReport" is-config="true" duration-ms="1" started-at="2020-09-22T20:44:04 EEST" finished-at="2020-09-22T20:44:04 EEST">
          <params>
            <param index="0">
              <value>
                <![CDATA[org.testng.TestRunner@18d910b3]]>
              </value>
            </param>
            <param index="1">
              <value>
                <![CDATA[[TestResult name=api_bootstrap status=SUCCESS method=TestCase_01_UserRegistration.api_bootstrap(java.lang.reflect.Method)[pri:0, instance:com.demo.tests.TestCase_01_UserRegistration@28b46423] output={null}]]]>
              </value>
            </param>
          </params>
          <reporter-output>
          </reporter-output>
        </test-method> <!-- generateReport -->
        <test-method status="PASS" signature="flushReportData()[pri:0, instance:com.demo.tests.TestCase_01_UserRegistration@28b46423]" name="flushReportData" is-config="true" duration-ms="631" started-at="2020-09-22T20:44:04 EEST" finished-at="2020-09-22T20:44:05 EEST">
          <reporter-output>
          </reporter-output>
        </test-method> <!-- flushReportData -->
        <test-method status="PASS" signature="tearDown()[pri:0, instance:com.demo.tests.TestCase_01_UserRegistration@28b46423]" name="tearDown" is-config="true" duration-ms="186" started-at="2020-09-22T20:44:05 EEST" finished-at="2020-09-22T20:44:05 EEST">
          <reporter-output>
          </reporter-output>
        </test-method> <!-- tearDown -->
      </class> <!-- com.demo.tests.TestCase_01_UserRegistration -->
    </test> <!-- TC_01_Domain -->
  </suite> <!-- Demo Test Suite -->
</testng-results>
