<?xml version="1.0" encoding="UTF-8"?>
<testng-results skipped="0" failed="0" ignored="0" total="2" passed="2">
  <reporter-output>
  </reporter-output>
  <suite name="Demo Test Suite" duration-ms="4101" started-at="2021-04-02T01:23:41 EEST" finished-at="2021-04-02T01:23:45 EEST">
    <groups>
    </groups>
    <test name="TC_01_Domain" duration-ms="4101" started-at="2021-04-02T01:23:41 EEST" finished-at="2021-04-02T01:23:45 EEST">
      <class name="com.demo.tests.TestCase_01">
        <test-method status="PASS" signature="cleanReportData()[pri:0, instance:com.demo.tests.TestCase_01@1e8b7643]" name="cleanReportData" is-config="true" duration-ms="7" started-at="2021-04-02T01:23:41 EEST" finished-at="2021-04-02T01:23:41 EEST">
          <reporter-output>
          </reporter-output>
        </test-method> <!-- cleanReportData -->
        <test-method status="PASS" signature="add_new_basket(java.lang.reflect.Method)[pri:0, instance:com.demo.tests.TestCase_01@1e8b7643]" name="add_new_basket" duration-ms="2728" started-at="2021-04-02T01:23:41 EEST" description="API" finished-at="2021-04-02T01:23:44 EEST">
          <params>
            <param index="0">
              <value>
                <![CDATA[public void com.demo.tests.TestCase_01.add_new_basket(java.lang.reflect.Method) throws java.lang.Exception]]>
              </value>
            </param>
          </params>
          <reporter-output>
          </reporter-output>
        </test-method> <!-- add_new_basket -->
        <test-method status="PASS" signature="generateReport(org.testng.ITestContext, org.testng.ITestResult)[pri:0, instance:com.demo.tests.TestCase_01@1e8b7643]" name="generateReport" is-config="true" duration-ms="5" started-at="2021-04-02T01:23:44 EEST" finished-at="2021-04-02T01:23:44 EEST">
          <params>
            <param index="0">
              <value>
                <![CDATA[org.testng.TestRunner@19ee1ae6]]>
              </value>
            </param>
            <param index="1">
              <value>
                <![CDATA[[TestResult name=add_new_basket status=SUCCESS method=TestCase_01.add_new_basket(java.lang.reflect.Method)[pri:0, instance:com.demo.tests.TestCase_01@1e8b7643] output={null}]]]>
              </value>
            </param>
          </params>
          <reporter-output>
          </reporter-output>
        </test-method> <!-- generateReport -->
        <test-method status="PASS" signature="get_collected_requests(java.lang.reflect.Method)[pri:1, instance:com.demo.tests.TestCase_01@1e8b7643]" name="get_collected_requests" duration-ms="1055" started-at="2021-04-02T01:23:44 EEST" description="API" finished-at="2021-04-02T01:23:45 EEST">
          <params>
            <param index="0">
              <value>
                <![CDATA[public void com.demo.tests.TestCase_01.get_collected_requests(java.lang.reflect.Method) throws java.lang.Exception]]>
              </value>
            </param>
          </params>
          <reporter-output>
          </reporter-output>
        </test-method> <!-- get_collected_requests -->
        <test-method status="PASS" signature="generateReport(org.testng.ITestContext, org.testng.ITestResult)[pri:0, instance:com.demo.tests.TestCase_01@1e8b7643]" name="generateReport" is-config="true" duration-ms="2" started-at="2021-04-02T01:23:45 EEST" finished-at="2021-04-02T01:23:45 EEST">
          <params>
            <param index="0">
              <value>
                <![CDATA[org.testng.TestRunner@19ee1ae6]]>
              </value>
            </param>
            <param index="1">
              <value>
                <![CDATA[[TestResult name=get_collected_requests status=SUCCESS method=TestCase_01.get_collected_requests(java.lang.reflect.Method)[pri:1, instance:com.demo.tests.TestCase_01@1e8b7643] output={null}]]]>
              </value>
            </param>
          </params>
          <reporter-output>
          </reporter-output>
        </test-method> <!-- generateReport -->
        <test-method status="PASS" signature="endReport()[pri:0, instance:com.demo.tests.TestCase_01@1e8b7643]" name="endReport" is-config="true" duration-ms="280" started-at="2021-04-02T01:23:45 EEST" finished-at="2021-04-02T01:23:45 EEST">
          <reporter-output>
          </reporter-output>
        </test-method> <!-- endReport -->
      </class> <!-- com.demo.tests.TestCase_01 -->
    </test> <!-- TC_01_Domain -->
  </suite> <!-- Demo Test Suite -->
</testng-results>
